<?xml version="1.0" encoding="UTF-8"?>
<!-- Generated by org.testng.reporters.JUnitReportReporter -->
<testsuite skipped="0" hostname="DESKTOP-L49GJNQ" name="com.cheaptickets.rough.FlightSearchTest" tests="1" failures="0" timestamp="29 Jul 2020 21:22:40 GMT" time="14.845" errors="0">
  <testcase name="flightSearchTest" time="14.845" classname="com.cheaptickets.rough.FlightSearchTest"/>
</testsuite> <!-- com.cheaptickets.rough.FlightSearchTest -->
