<?xml version="1.0" encoding="UTF-8"?>
<!-- Generated by org.testng.reporters.JUnitReportReporter -->
<testsuite skipped="1" hostname="DESKTOP-L49GJNQ" name="com.cheaptickets.testcases.SignInTest" tests="2" failures="0" timestamp="05 Feb 2021 17:06:20 GMT" time="20.147" errors="0">
  <testcase name="signinTest" time="20.146" classname="com.cheaptickets.testcases.SignInTest"/>
  <testcase name="signinTest" time="0.001" classname="com.cheaptickets.testcases.SignInTest">
    <skipped/>
  </testcase> <!-- signinTest -->
</testsuite> <!-- com.cheaptickets.testcases.SignInTest -->
