<?xml version="1.0" encoding="UTF-8"?>
<!-- Generated by org.testng.reporters.JUnitReportReporter -->
<testsuite skipped="0" hostname="DESKTOP-L49GJNQ" name="com.cheaptickets.testcases.BookHotelTest" tests="1" failures="0" timestamp="05 Feb 2021 17:06:20 GMT" time="20.733" errors="0">
  <testcase name="bookHotelTest" time="20.733" classname="com.cheaptickets.testcases.BookHotelTest"/>
</testsuite> <!-- com.cheaptickets.testcases.BookHotelTest -->
